<?xml version="1.0" encoding="UTF-8"?>
<!-- Generated by org.testng.reporters.JUnitXMLReporter -->
<testsuite ignored="0" hostname="LAPTOP-AIJ2UD8P" failures="0" tests="9" name="    Test Automation Test " time="211.943" errors="0" timestamp="2020-06-29T11:55:04 IST">
  <testcase classname="com.automation.qa.testcases.LoginPageTest" name="loginPageTitleTest" time="3.215"/>
  <testcase classname="com.automation.qa.testcases.LoginPageTest" name="loginTest" time="17.201"/>
  <testcase classname="com.automation.qa.testcases.LoginPageTest" name="validataAllcredentials" time="14.858"/>
  <testcase classname="com.automation.qa.testcases.LoginPageTest" name="validataAllcredentials" time="15.562"/>
  <testcase classname="com.automation.qa.testcases.LoginPageTest" name="validataAllcredentials" time="14.246"/>
  <testcase classname="com.automation.qa.testcases.HomePageTest" name="homePageTitleTest" time="0.207"/>
  <testcase classname="com.automation.qa.testcases.HomePageTest" name="clickOnContactLink" time="2.09"/>
  <testcase classname="com.automation.qa.testcases.HomePageTest" name="clickOnAssistancePageLink" time="0.471"/>
  <testcase classname="com.automation.qa.testcases.ContactPageTest" name="verifyContactUSLabelTest" time="1.739"/>
</testsuite> <!--     Test Automation Test  -->
