<?xml version="1.0" encoding="UTF-8"?>
<!-- Generated by org.testng.reporters.JUnitXMLReporter -->
<testsuite ignored="0" hostname="LAPTOP-AIJ2UD8P" failures="0" tests="6" name="Test Automation Test" time="224.389" errors="0" timestamp="28 Jun 2020 15:27:06 GMT">
  <testcase classname="com.automation.qa.testcases.ContactPageTest" name="verifyContactUSLabelTest" time="2.408"/>
  <testcase classname="com.automation.qa.testcases.LoginPageTest" name="loginPageTitleTest" time="4.913"/>
  <testcase classname="com.automation.qa.testcases.HomePageTest" name="homePageTitleTest" time="0.093"/>
  <testcase classname="com.automation.qa.testcases.LoginPageTest" name="loginTest" time="26.607"/>
  <testcase classname="com.automation.qa.testcases.HomePageTest" name="clickOnContactLink" time="4.531"/>
  <testcase classname="com.automation.qa.testcases.HomePageTest" name="clickOnAssistancePageLink" time="0.952"/>
</testsuite> <!-- Test Automation Test -->
