<?xml version="1.0" encoding="UTF-8"?>
<!-- Generated by org.testng.reporters.JUnitXMLReporter -->
<testsuite ignored="0" hostname="LAPTOP-AIJ2UD8P" failures="0" tests="9" name="Surefire test" time="388.423" errors="0" timestamp="2020-07-20T20:28:54 IST">
  <testcase classname="com.automation.qa.testcases.ContactPageTest" name="verifyContactUSLabelTest" time="2.069"/>
  <testcase classname="com.automation.qa.testcases.HomePageTest" name="homePageTitleTest" time="0.12"/>
  <testcase classname="com.automation.qa.testcases.HomePageTest" name="clickOnContactLink" time="5.099"/>
  <testcase classname="com.automation.qa.testcases.HomePageTest" name="clickOnAssistancePageLink" time="0.821"/>
  <testcase classname="com.automation.qa.testcases.LoginPageTest" name="loginPageTitleTest" time="2.687"/>
  <testcase classname="com.automation.qa.testcases.LoginPageTest" name="loginTest" time="27.182"/>
  <testcase classname="com.automation.qa.testcases.LoginPageTest" name="validataAllcredentials" time="34.365"/>
  <testcase classname="com.automation.qa.testcases.LoginPageTest" name="validataAllcredentials" time="37.527"/>
  <testcase classname="com.automation.qa.testcases.LoginPageTest" name="validataAllcredentials" time="43.288"/>
</testsuite> <!-- Surefire test -->
