<?xml version="1.0" encoding="UTF-8"?>
<testsuite xmlns:xsi="http://www.w3.org/2001/XMLSchema-instance" xsi:noNamespaceSchemaLocation="https://maven.apache.org/surefire/maven-surefire-plugin/xsd/surefire-test-report.xsd" name="TestSuite" time="389.932" tests="9" errors="0" skipped="0" failures="0">
  <properties>
[...]
</properties>
  <testcase name="verifyContactUSLabelTest" classname="com.automation.qa.testcases.ContactPageTest" time="2.073"/>
  <testcase name="homePageTitleTest" classname="com.automation.qa.testcases.HomePageTest" time="0.124"/>
  <testcase name="clickOnContactLink" classname="com.automation.qa.testcases.HomePageTest" time="5.099"/>
  <testcase name="clickOnAssistancePageLink" classname="com.automation.qa.testcases.HomePageTest" time="0.838"/>
  <testcase name="loginPageTitleTest" classname="com.automation.qa.testcases.LoginPageTest" time="2.687"/>
  <testcase name="loginTest" classname="com.automation.qa.testcases.LoginPageTest" time="27.182"/>
  <testcase name="validataAllcredentials" classname="com.automation.qa.testcases.LoginPageTest" time="34.366"/>
  <testcase name="validataAllcredentials" classname="com.automation.qa.testcases.LoginPageTest" time="37.528"/>
  <testcase name="validataAllcredentials" classname="com.automation.qa.testcases.LoginPageTest" time="43.289"/>
</testsuite>